<?xml version="1.0" encoding="UTF-8"?>
<testng-results ignored="0" total="1" passed="1" failed="0" skipped="0">
  <reporter-output>
  </reporter-output>
  <suite started-at="2020-09-05T20:57:22Z" name="Suite" finished-at="2020-09-05T20:57:35Z" duration-ms="13034">
    <groups>
    </groups>
    <test started-at="2020-09-05T20:57:22Z" name="Test" finished-at="2020-09-05T20:57:35Z" duration-ms="13034">
      <class name="testcases.LoginPageTest">
        <test-method is-config="true" signature="setUp()[pri:0, instance:testcases.LoginPageTest@78e94dcf]" started-at="2020-09-05T20:57:22Z" name="setUp" finished-at="2020-09-05T20:57:34Z" duration-ms="12199" status="PASS">
          <reporter-output>
          </reporter-output>
        </test-method> <!-- setUp -->
        <test-method signature="loginPageTitleTest()[pri:1, instance:testcases.LoginPageTest@78e94dcf]" started-at="2020-09-05T20:57:34Z" name="loginPageTitleTest" finished-at="2020-09-05T20:57:34Z" duration-ms="32" status="PASS">
          <reporter-output>
          </reporter-output>
        </test-method> <!-- loginPageTitleTest -->
        <test-method is-config="true" signature="tearDown()[pri:0, instance:testcases.LoginPageTest@78e94dcf]" started-at="2020-09-05T20:57:34Z" name="tearDown" finished-at="2020-09-05T20:57:35Z" duration-ms="777" status="PASS">
          <reporter-output>
          </reporter-output>
        </test-method> <!-- tearDown -->
      </class> <!-- testcases.LoginPageTest -->
    </test> <!-- Test -->
  </suite> <!-- Suite -->
</testng-results>
